<?xml version="1.0" encoding="UTF-8"?>
<!-- Generated by org.testng.reporters.JUnitXMLReporter -->
<testsuite ignored="0" hostname="pop-os" failures="0" tests="2" name="FireFoxTest" time="8.621" errors="0" timestamp="2025-11-20T17:35:37 BRT">
  <testcase classname="com.testautomation.login.NegativeLoginTests" name="testLoginNegativePassword" time="2.11"/>
  <testcase classname="com.testautomation.login.NegativeLoginTests" name="testLoginNegativeUsername" time="2.097"/>
</testsuite> <!-- FireFoxTest -->
