<?xml version="1.0" encoding="UTF-8"?>
<testng-results ignored="0" total="1" passed="1" failed="0" skipped="0">
  <reporter-output>
  </reporter-output>
  <suite started-at="2025-11-19T16:43:16 BRT" name="Smoke Test Suite" finished-at="2025-11-19T16:43:27 BRT" duration-ms="10228">
    <groups>
    </groups>
    <test started-at="2025-11-19T16:43:16 BRT" name="Positive Login Test" finished-at="2025-11-19T16:43:27 BRT" duration-ms="10228">
      <class name="com.testautomation.logintests.PositiveLoginTests">
        <test-method is-config="true" signature="setUp()[pri:0, instance:com.testautomation.logintests.PositiveLoginTests@22a637e7]" started-at="2025-11-19T16:43:17 BRT" name="setUp" finished-at="2025-11-19T16:43:21 BRT" duration-ms="4394" status="PASS">
          <reporter-output>
          </reporter-output>
        </test-method> <!-- setUp -->
        <test-method signature="testLoginFunctionality()[pri:0, instance:com.testautomation.logintests.PositiveLoginTests@22a637e7]" started-at="2025-11-19T16:43:21 BRT" name="testLoginFunctionality" finished-at="2025-11-19T16:43:26 BRT" duration-ms="4800" status="PASS">
          <reporter-output>
          </reporter-output>
        </test-method> <!-- testLoginFunctionality -->
        <test-method is-config="true" signature="tearDown()[pri:0, instance:com.testautomation.logintests.PositiveLoginTests@22a637e7]" started-at="2025-11-19T16:43:26 BRT" name="tearDown" finished-at="2025-11-19T16:43:27 BRT" duration-ms="1000" status="PASS">
          <reporter-output>
          </reporter-output>
        </test-method> <!-- tearDown -->
      </class> <!-- com.testautomation.logintests.PositiveLoginTests -->
    </test> <!-- Positive Login Test -->
  </suite> <!-- Smoke Test Suite -->
</testng-results>
