<?xml version="1.0" encoding="UTF-8"?>
<testng-results ignored="0" total="2" passed="2" failed="0" skipped="0">
  <reporter-output>
  </reporter-output>
  <suite started-at="2025-11-12T14:45:31 BRT" name="Surefire suite" finished-at="2025-11-12T14:45:50 BRT" duration-ms="18699">
    <groups>
    </groups>
    <test started-at="2025-11-12T14:45:31 BRT" name="Surefire test" finished-at="2025-11-12T14:45:50 BRT" duration-ms="18699">
      <class name="com.testautomation.PositiveLoginTests">
        <test-method is-config="true" signature="setUp()[pri:0, instance:com.testautomation.PositiveLoginTests@37e547da]" started-at="2025-11-12T14:45:31 BRT" name="setUp" finished-at="2025-11-12T14:45:36 BRT" duration-ms="5072" status="PASS">
          <reporter-output>
          </reporter-output>
        </test-method> <!-- setUp -->
        <test-method signature="testLoginFunctionality()[pri:0, instance:com.testautomation.PositiveLoginTests@37e547da]" started-at="2025-11-12T14:45:36 BRT" name="testLoginFunctionality" finished-at="2025-11-12T14:45:41 BRT" duration-ms="4931" status="PASS">
          <reporter-output>
          </reporter-output>
        </test-method> <!-- testLoginFunctionality -->
        <test-method is-config="true" signature="tearDown()[pri:0, instance:com.testautomation.PositiveLoginTests@37e547da]" started-at="2025-11-12T14:45:41 BRT" name="tearDown" finished-at="2025-11-12T14:45:42 BRT" duration-ms="1030" status="PASS">
          <reporter-output>
          </reporter-output>
        </test-method> <!-- tearDown -->
      </class> <!-- com.testautomation.PositiveLoginTests -->
      <class name="com.testautomation.logintests.NegativeUsernameTest">
        <test-method is-config="true" signature="setUp()[pri:0, instance:com.testautomation.logintests.NegativeUsernameTest@2fd6b6c7]" started-at="2025-11-12T14:45:42 BRT" name="setUp" finished-at="2025-11-12T14:45:46 BRT" duration-ms="4213" status="PASS">
          <reporter-output>
          </reporter-output>
        </test-method> <!-- setUp -->
        <test-method signature="testLoginNegativeUsername()[pri:0, instance:com.testautomation.logintests.NegativeUsernameTest@2fd6b6c7]" started-at="2025-11-12T14:45:46 BRT" name="testLoginNegativeUsername" finished-at="2025-11-12T14:45:49 BRT" duration-ms="2409" status="PASS">
          <reporter-output>
          </reporter-output>
        </test-method> <!-- testLoginNegativeUsername -->
        <test-method is-config="true" signature="tearDown()[pri:0, instance:com.testautomation.logintests.NegativeUsernameTest@2fd6b6c7]" started-at="2025-11-12T14:45:49 BRT" name="tearDown" finished-at="2025-11-12T14:45:50 BRT" duration-ms="1003" status="PASS">
          <reporter-output>
          </reporter-output>
        </test-method> <!-- tearDown -->
      </class> <!-- com.testautomation.logintests.NegativeUsernameTest -->
    </test> <!-- Surefire test -->
  </suite> <!-- Surefire suite -->
</testng-results>
