<?xml version="1.0" encoding="UTF-8"?>
<!-- Generated by org.testng.reporters.JUnitReportReporter -->
<testsuite hostname="pop-os" failures="0" tests="4" name="com.testautomation.login.NegativeLoginTests" time="12.640" errors="0" timestamp="2025-11-20T17:35:37 BRT" skipped="0">
  <testcase classname="com.testautomation.login.NegativeLoginTests" name="testLoginNegativeUsername" time="4.282"/>
  <testcase classname="com.testautomation.login.NegativeLoginTests" name="testLoginNegativePassword" time="4.336"/>
  <testcase classname="com.testautomation.login.NegativeLoginTests" name="testLoginNegativePassword" time="1.892"/>
  <testcase classname="com.testautomation.login.NegativeLoginTests" name="testLoginNegativeUsername" time="2.130"/>
</testsuite> <!-- com.testautomation.login.NegativeLoginTests -->
