<?xml version="1.0" encoding="UTF-8"?>
<!-- Generated by org.testng.reporters.JUnitReportReporter -->
<testsuite hostname="pop-os" failures="0" tests="3" name="com.testautomation.login.LoginTests" time="16.420" errors="0" timestamp="2025-12-02T18:07:55 BRT" skipped="0">
  <testcase classname="com.testautomation.login.LoginTests" name="testLoginNegative" time="4.606"/>
  <testcase classname="com.testautomation.login.LoginTests" name="testLoginFunctionality" time="7.198"/>
  <testcase classname="com.testautomation.login.LoginTests" name="testLoginNegative" time="4.616"/>
</testsuite> <!-- com.testautomation.login.LoginTests -->
