<?xml version="1.0" encoding="UTF-8"?>
<testsuite xmlns:xsi="http://www.w3.org/2001/XMLSchema-instance" xsi:noNamespaceSchemaLocation="https://maven.apache.org/surefire/maven-surefire-plugin/xsd/surefire-test-report-3.0.xsd" version="3.0" name="TestSuite" time="16.9" tests="3" errors="0" skipped="0" failures="0">
  <properties>
[...]
</properties>
  <testcase name="testLoginFunctionality" classname="com.testautomation.login.LoginTests" time="2.697">
    <system-out><![CDATA[18:07:41.280 [main] INFO  com.testautomation.login.LoginTests - Running test in firefox browser
18:07:43.092 [main] INFO  com.testautomation.login.LoginTests - Open page successfully: Test Login | Practice Test Automation
18:07:43.094 [main] INFO  com.testautomation.login.LoginTests - Starting testLoginFunctionality
18:07:43.107 [main] INFO  com.testautomation.login.LoginTests - type username
18:07:43.151 [main] INFO  com.testautomation.login.LoginTests - type password
18:07:43.165 [main] INFO  com.testautomation.login.LoginTests - click submit button
18:07:45.737 [main] INFO  com.testautomation.login.LoginTests - verify the login positive functionality
18:07:45.737 [main] INFO  com.testautomation.login.LoginTests - verifying if the URL was loaded
18:07:45.753 [main] DEBUG com.testautomation.login.LoginTests - Expect URL: https://practicetestautomation.com/logged-in-successfully/; Actual URL https://practicetestautomation.com/logged-in-successfully/
18:07:45.754 [main] INFO  com.testautomation.login.LoginTests - Message Verify
18:07:45.773 [main] INFO  com.testautomation.login.LoginTests - Success Message. Test Passed
18:07:45.788 [main] INFO  com.testautomation.login.LoginTests - Button is visible. Test Passed
18:07:45.788 [main] INFO  com.testautomation.login.LoginTests - --- Positive LogIn Test Finished ---
]]></system-out>
    <system-err><![CDATA[SLF4J(W): No SLF4J providers were found.
SLF4J(W): Defaulting to no-operation (NOP) logger implementation
SLF4J(W): See https://www.slf4j.org/codes.html#noProviders for further details.
SLF4J(W): Class path contains SLF4J bindings targeting slf4j-api versions 1.7.x or earlier.
SLF4J(W): Ignoring binding found at [jar:file:/home/cauanricardoribeiro/.m2/repository/org/apache/logging/log4j/log4j-slf4j-impl/2.20.0/log4j-slf4j-impl-2.20.0.jar!/org/slf4j/impl/StaticLoggerBinder.class]
SLF4J(W): See https://www.slf4j.org/codes.html#ignoredBindings for an explanation.
]]></system-err>
  </testcase>
  <testcase name="testLoginNegative[incorrectUser, Password123, Your username is invalid!](1)" classname="com.testautomation.login.LoginTests" time="0.338">
    <system-out><![CDATA[18:07:46.249 [main] INFO  com.testautomation.login.LoginTests - browser is closed
18:07:48.289 [main] INFO  com.testautomation.login.LoginTests - Running test in firefox browser
18:07:50.009 [main] INFO  com.testautomation.login.LoginTests - Open page successfully: Test Login | Practice Test Automation
18:07:50.012 [main] INFO  com.testautomation.login.LoginTests - --- Starting Negative LogIn Test ---
18:07:50.013 [main] DEBUG com.testautomation.login.LoginTests - Testing with user: incorrectUser and expect error: Your username is invalid!
18:07:50.071 [main] INFO  com.testautomation.login.LoginTests - Typing Username: incorrectUser
18:07:50.083 [main] INFO  com.testautomation.login.LoginTests - Typing Password
18:07:50.315 [main] INFO  com.testautomation.login.LoginTests - Click submit button
18:07:50.336 [main] INFO  com.testautomation.login.LoginTests - Error message element is displayed.
18:07:50.347 [main] INFO  com.testautomation.login.LoginTests - --- Negative LogIn Test Finished ---
]]></system-out>
  </testcase>
  <testcase name="testLoginNegative[student, incorrectPassword, Your password is invalid!](1)" classname="com.testautomation.login.LoginTests" time="0.349">
    <system-out><![CDATA[18:07:50.876 [main] INFO  com.testautomation.login.LoginTests - browser is closed
18:07:52.894 [main] INFO  com.testautomation.login.LoginTests - Running test in firefox browser
18:07:54.620 [main] INFO  com.testautomation.login.LoginTests - Open page successfully: Test Login | Practice Test Automation
18:07:54.621 [main] INFO  com.testautomation.login.LoginTests - --- Starting Negative LogIn Test ---
18:07:54.622 [main] DEBUG com.testautomation.login.LoginTests - Testing with user: student and expect error: Your password is invalid!
18:07:54.684 [main] INFO  com.testautomation.login.LoginTests - Typing Username: student
18:07:54.696 [main] INFO  com.testautomation.login.LoginTests - Typing Password
18:07:54.935 [main] INFO  com.testautomation.login.LoginTests - Click submit button
18:07:54.962 [main] INFO  com.testautomation.login.LoginTests - Error message element is displayed.
18:07:54.971 [main] INFO  com.testautomation.login.LoginTests - --- Negative LogIn Test Finished ---
]]></system-out>
  </testcase>
</testsuite>