<?xml version="1.0" encoding="UTF-8"?>
<testng-results ignored="3" total="6" passed="3" failed="0" skipped="0">
  <reporter-output>
  </reporter-output>
  <suite started-at="2025-12-02T18:07:39 BRT" name="Full Regression Suite" finished-at="2025-12-02T18:07:55 BRT" duration-ms="16461">
    <groups>
      <group name="negative">
        <method signature="LoginTests.testLoginNegative(java.lang.String,java.lang.String,java.lang.String)[pri:0, instance:com.testautomation.login.LoginTests@6127a7e]" name="testLoginNegative" class="com.testautomation.login.LoginTests"/>
        <method signature="LoginTests.testLoginNegative(java.lang.String,java.lang.String,java.lang.String)[pri:0, instance:com.testautomation.login.LoginTests@495fac5f]" name="testLoginNegative" class="com.testautomation.login.LoginTests"/>
      </group> <!-- negative -->
      <group name="regression">
        <method signature="LoginTests.testLoginFunctionality()[pri:0, instance:com.testautomation.login.LoginTests@74bada02]" name="testLoginFunctionality" class="com.testautomation.login.LoginTests"/>
        <method signature="LoginTests.testLoginNegative(java.lang.String,java.lang.String,java.lang.String)[pri:0, instance:com.testautomation.login.LoginTests@6127a7e]" name="testLoginNegative" class="com.testautomation.login.LoginTests"/>
        <method signature="LoginTests.testLoginNegative(java.lang.String,java.lang.String,java.lang.String)[pri:0, instance:com.testautomation.login.LoginTests@495fac5f]" name="testLoginNegative" class="com.testautomation.login.LoginTests"/>
      </group> <!-- regression -->
      <group name="smoke">
        <method signature="LoginTests.testLoginFunctionality()[pri:0, instance:com.testautomation.login.LoginTests@74bada02]" name="testLoginFunctionality" class="com.testautomation.login.LoginTests"/>
      </group> <!-- smoke -->
      <group name="positive">
        <method signature="LoginTests.testLoginFunctionality()[pri:0, instance:com.testautomation.login.LoginTests@74bada02]" name="testLoginFunctionality" class="com.testautomation.login.LoginTests"/>
      </group> <!-- positive -->
    </groups>
    <test started-at="2025-12-02T18:07:39 BRT" name="Positive Login Test" finished-at="2025-12-02T18:07:46 BRT" duration-ms="7216">
      <class name="com.testautomation.login.LoginTests">
        <test-method is-config="true" signature="setUp()[pri:0, instance:com.testautomation.login.LoginTests@74bada02]" started-at="2025-12-02T18:07:39 BRT" name="setUp" finished-at="2025-12-02T18:07:43 BRT" duration-ms="4043" status="PASS">
          <reporter-output>
          </reporter-output>
        </test-method> <!-- setUp -->
        <test-method signature="testLoginFunctionality()[pri:0, instance:com.testautomation.login.LoginTests@74bada02]" started-at="2025-12-02T18:07:43 BRT" name="testLoginFunctionality" finished-at="2025-12-02T18:07:45 BRT" duration-ms="2695" status="PASS">
          <reporter-output>
          </reporter-output>
        </test-method> <!-- testLoginFunctionality -->
        <test-method is-config="true" signature="tearDown()[pri:0, instance:com.testautomation.login.LoginTests@74bada02]" started-at="2025-12-02T18:07:45 BRT" name="tearDown" finished-at="2025-12-02T18:07:46 BRT" duration-ms="460" status="PASS">
          <reporter-output>
          </reporter-output>
        </test-method> <!-- tearDown -->
      </class> <!-- com.testautomation.login.LoginTests -->
    </test> <!-- Positive Login Test -->
    <test started-at="2025-12-02T18:07:46 BRT" name="Incorrect Username Test" finished-at="2025-12-02T18:07:50 BRT" duration-ms="4608">
      <class name="com.testautomation.login.LoginTests">
        <test-method is-config="true" signature="setUp()[pri:0, instance:com.testautomation.login.LoginTests@6127a7e]" started-at="2025-12-02T18:07:46 BRT" name="setUp" finished-at="2025-12-02T18:07:50 BRT" duration-ms="3739" status="PASS">
          <reporter-output>
          </reporter-output>
        </test-method> <!-- setUp -->
        <test-method signature="testLoginNegative(java.lang.String,java.lang.String,java.lang.String)[pri:0, instance:com.testautomation.login.LoginTests@6127a7e]" started-at="2025-12-02T18:07:50 BRT" name="testLoginNegative" finished-at="2025-12-02T18:07:50 BRT" duration-ms="338" status="PASS">
          <params>
            <param index="0">
              <value>
                <![CDATA[incorrectUser]]>
              </value>
            </param>
            <param index="1">
              <value>
                <![CDATA[Password123]]>
              </value>
            </param>
            <param index="2">
              <value>
                <![CDATA[Your username is invalid!]]>
              </value>
            </param>
          </params>
          <reporter-output>
          </reporter-output>
        </test-method> <!-- testLoginNegative -->
        <test-method is-config="true" signature="tearDown()[pri:0, instance:com.testautomation.login.LoginTests@6127a7e]" started-at="2025-12-02T18:07:50 BRT" name="tearDown" finished-at="2025-12-02T18:07:50 BRT" duration-ms="529" status="PASS">
          <reporter-output>
          </reporter-output>
        </test-method> <!-- tearDown -->
      </class> <!-- com.testautomation.login.LoginTests -->
    </test> <!-- Incorrect Username Test -->
    <test started-at="2025-12-02T18:07:50 BRT" name="Incorrect Password Test" finished-at="2025-12-02T18:07:55 BRT" duration-ms="4619">
      <class name="com.testautomation.login.LoginTests">
        <test-method is-config="true" signature="setUp()[pri:0, instance:com.testautomation.login.LoginTests@495fac5f]" started-at="2025-12-02T18:07:50 BRT" name="setUp" finished-at="2025-12-02T18:07:54 BRT" duration-ms="3741" status="PASS">
          <reporter-output>
          </reporter-output>
        </test-method> <!-- setUp -->
        <test-method signature="testLoginNegative(java.lang.String,java.lang.String,java.lang.String)[pri:0, instance:com.testautomation.login.LoginTests@495fac5f]" started-at="2025-12-02T18:07:54 BRT" name="testLoginNegative" finished-at="2025-12-02T18:07:54 BRT" duration-ms="350" status="PASS">
          <params>
            <param index="0">
              <value>
                <![CDATA[student]]>
              </value>
            </param>
            <param index="1">
              <value>
                <![CDATA[incorrectPassword]]>
              </value>
            </param>
            <param index="2">
              <value>
                <![CDATA[Your password is invalid!]]>
              </value>
            </param>
          </params>
          <reporter-output>
          </reporter-output>
        </test-method> <!-- testLoginNegative -->
        <test-method is-config="true" signature="tearDown()[pri:0, instance:com.testautomation.login.LoginTests@495fac5f]" started-at="2025-12-02T18:07:54 BRT" name="tearDown" finished-at="2025-12-02T18:07:55 BRT" duration-ms="525" status="PASS">
          <reporter-output>
          </reporter-output>
        </test-method> <!-- tearDown -->
      </class> <!-- com.testautomation.login.LoginTests -->
    </test> <!-- Incorrect Password Test -->
  </suite> <!-- Full Regression Suite -->
</testng-results>
