<?xml version="1.0" encoding="UTF-8"?>
<!-- Generated by org.testng.reporters.JUnitXMLReporter -->
<testsuite ignored="1" hostname="pop-os" failures="0" tests="1" name="Incorrect Username Test" time="4.608" errors="0" timestamp="2025-12-02T18:07:50 BRT">
  <testcase classname="com.testautomation.login.LoginTests" name="testLoginNegative" time="0.338"/>
  <testcase classname="com.testautomation.login.LoginTests" name="testLoginFunctionality" time="0.0">
    <ignored/>
  </testcase> <!-- testLoginFunctionality -->
</testsuite> <!-- Incorrect Username Test -->
