<?xml version="1.0" encoding="UTF-8"?>
<!-- Generated by org.testng.reporters.JUnitXMLReporter -->
<testsuite ignored="1" hostname="pop-os" failures="0" tests="1" name="Positive Login Test" time="7.216" errors="0" timestamp="2025-12-02T18:07:46 BRT">
  <testcase classname="com.testautomation.login.LoginTests" name="testLoginFunctionality" time="2.695"/>
  <testcase classname="com.testautomation.login.LoginTests" name="testLoginNegative" time="0.0">
    <ignored/>
  </testcase> <!-- testLoginNegative -->
</testsuite> <!-- Positive Login Test -->
