<?xml version="1.0" encoding="UTF-8"?>
<!-- Generated by org.testng.reporters.JUnitXMLReporter -->
<testsuite ignored="0" hostname="pop-os" failures="0" tests="2" name="Surefire test" time="18.699" errors="0" timestamp="2025-11-12T14:45:53 BRT">
  <testcase classname="com.testautomation.PositiveLoginTests" name="testLoginFunctionality" time="4.931"/>
  <testcase classname="com.testautomation.logintests.NegativeUsernameTest" name="testLoginNegativeUsername" time="2.409"/>
</testsuite> <!-- Surefire test -->
